C:\USERS\STUDENT\DESKTOP\RA167-2015\PROJEKAT\RESENJA\PROCESSWAVFILE\DEBUG\MODEL0.EXE
C:\USERS\STUDENT\DESKTOP\RA167-2015\PROJEKAT\RESENJA\PROCESSWAVFILE\DEBUG\MODEL0.ILK
C:\USERS\STUDENT\DESKTOP\RA167-2015\PROJEKAT\RESENJA\PROCESSWAVFILE\DEBUG\MODEL0.PDB
C:\Users\student\Desktop\RA167-2015\Projekat\Resenja\ProcessWavFile\ProcessWavFile\Debug\cl.command.1.tlog
C:\Users\student\Desktop\RA167-2015\Projekat\Resenja\ProcessWavFile\ProcessWavFile\Debug\CL.read.1.tlog
C:\Users\student\Desktop\RA167-2015\Projekat\Resenja\ProcessWavFile\ProcessWavFile\Debug\CL.write.1.tlog
C:\Users\student\Desktop\RA167-2015\Projekat\Resenja\ProcessWavFile\ProcessWavFile\Debug\link.27976.read.1.tlog
C:\Users\student\Desktop\RA167-2015\Projekat\Resenja\ProcessWavFile\ProcessWavFile\Debug\link.27976.write.1.tlog
C:\Users\student\Desktop\RA167-2015\Projekat\Resenja\ProcessWavFile\ProcessWavFile\Debug\link.27976-cvtres.read.1.tlog
C:\Users\student\Desktop\RA167-2015\Projekat\Resenja\ProcessWavFile\ProcessWavFile\Debug\link.27976-cvtres.write.1.tlog
C:\Users\student\Desktop\RA167-2015\Projekat\Resenja\ProcessWavFile\ProcessWavFile\Debug\link.command.1.tlog
C:\Users\student\Desktop\RA167-2015\Projekat\Resenja\ProcessWavFile\ProcessWavFile\Debug\link.read.1.tlog
C:\Users\student\Desktop\RA167-2015\Projekat\Resenja\ProcessWavFile\ProcessWavFile\Debug\link.write.1.tlog
C:\Users\student\Desktop\RA167-2015\Projekat\Resenja\ProcessWavFile\ProcessWavFile\Debug\link-cvtres.read.1.tlog
C:\Users\student\Desktop\RA167-2015\Projekat\Resenja\ProcessWavFile\ProcessWavFile\Debug\link-cvtres.write.1.tlog
C:\USERS\STUDENT\DESKTOP\RA167-2015\PROJEKAT\RESENJA\PROCESSWAVFILE\PROCESSWAVFILE\DEBUG\MAIN.OBJ
C:\USERS\STUDENT\DESKTOP\RA167-2015\PROJEKAT\RESENJA\PROCESSWAVFILE\PROCESSWAVFILE\DEBUG\MODEL0.EXE.EMBED.MANIFEST
C:\USERS\STUDENT\DESKTOP\RA167-2015\PROJEKAT\RESENJA\PROCESSWAVFILE\PROCESSWAVFILE\DEBUG\MODEL0.EXE.EMBED.MANIFEST.RES
C:\USERS\STUDENT\DESKTOP\RA167-2015\PROJEKAT\RESENJA\PROCESSWAVFILE\PROCESSWAVFILE\DEBUG\MODEL0.EXE.INTERMEDIATE.MANIFEST
C:\Users\student\Desktop\RA167-2015\Projekat\Resenja\ProcessWavFile\ProcessWavFile\Debug\model0.write.1.tlog
C:\Users\student\Desktop\RA167-2015\Projekat\Resenja\ProcessWavFile\ProcessWavFile\Debug\model0_manifest.rc
C:\Users\student\Desktop\RA167-2015\Projekat\Resenja\ProcessWavFile\ProcessWavFile\Debug\mt.command.1.tlog
C:\Users\student\Desktop\RA167-2015\Projekat\Resenja\ProcessWavFile\ProcessWavFile\Debug\mt.read.1.tlog
C:\Users\student\Desktop\RA167-2015\Projekat\Resenja\ProcessWavFile\ProcessWavFile\Debug\mt.write.1.tlog
C:\Users\student\Desktop\RA167-2015\Projekat\Resenja\ProcessWavFile\ProcessWavFile\Debug\rc.command.1.tlog
C:\Users\student\Desktop\RA167-2015\Projekat\Resenja\ProcessWavFile\ProcessWavFile\Debug\rc.read.1.tlog
C:\Users\student\Desktop\RA167-2015\Projekat\Resenja\ProcessWavFile\ProcessWavFile\Debug\rc.write.1.tlog
C:\USERS\STUDENT\DESKTOP\RA167-2015\PROJEKAT\RESENJA\PROCESSWAVFILE\PROCESSWAVFILE\DEBUG\TREMOLO1.OBJ
C:\Users\student\Desktop\RA167-2015\Projekat\Resenja\ProcessWavFile\ProcessWavFile\Debug\vc100.idb
C:\USERS\STUDENT\DESKTOP\RA167-2015\PROJEKAT\RESENJA\PROCESSWAVFILE\PROCESSWAVFILE\DEBUG\VC100.PDB
C:\USERS\STUDENT\DESKTOP\RA167-2015\PROJEKAT\RESENJA\PROCESSWAVFILE\PROCESSWAVFILE\DEBUG\WAVHEADER.OBJ
